<?xml version="1.0" encoding="UTF-8"?>
<!-- Generated by org.testng.reporters.JUnitXMLReporter -->
<testsuite ignored="0" hostname="DESKTOP-V1KIB6K" failures="0" tests="3" name="Default test" time="0.084" errors="0" timestamp="20 Oct 2020 08:46:25 GMT">
  <testcase classname="practice.InvoiceTest" name="createInvoiceTest" time="0.031"/>
  <testcase classname="practice.InvoiceTest" name="deleteInvoice" time="0.006"/>
  <testcase classname="practice.InvoiceTest" name="modifyInvoice" time="0.004"/>
</testsuite> <!-- Default test -->
