<?xml version="1.0" encoding="UTF-8"?>
<testng-results ignored="0" total="3" passed="3" failed="0" skipped="0">
  <reporter-output>
  </reporter-output>
  <suite started-at="2020-10-20T08:46:25Z" name="Default suite" finished-at="2020-10-20T08:46:25Z" duration-ms="84">
    <groups>
    </groups>
    <test started-at="2020-10-20T08:46:25Z" name="Default test" finished-at="2020-10-20T08:46:25Z" duration-ms="84">
      <class name="practice.InvoiceTest">
        <test-method is-config="true" signature="configBS()[pri:0, instance:practice.InvoiceTest@6bf08014]" started-at="2020-10-20T08:46:25Z" name="configBS" finished-at="2020-10-20T08:46:25Z" duration-ms="295" status="PASS">
          <reporter-output>
          </reporter-output>
        </test-method> <!-- configBS -->
        <test-method signature="createInvoiceTest()[pri:0, instance:practice.InvoiceTest@6bf08014]" started-at="2020-10-20T08:46:25Z" name="createInvoiceTest" finished-at="2020-10-20T08:46:25Z" duration-ms="31" status="PASS">
          <reporter-output>
          </reporter-output>
        </test-method> <!-- createInvoiceTest -->
        <test-method signature="deleteInvoice()[pri:0, instance:practice.InvoiceTest@6bf08014]" started-at="2020-10-20T08:46:25Z" name="deleteInvoice" finished-at="2020-10-20T08:46:25Z" duration-ms="6" status="PASS">
          <reporter-output>
          </reporter-output>
        </test-method> <!-- deleteInvoice -->
        <test-method signature="modifyInvoice()[pri:0, instance:practice.InvoiceTest@6bf08014]" started-at="2020-10-20T08:46:25Z" name="modifyInvoice" finished-at="2020-10-20T08:46:25Z" duration-ms="4" status="PASS">
          <reporter-output>
          </reporter-output>
        </test-method> <!-- modifyInvoice -->
        <test-method is-config="true" signature="configBS1()[pri:0, instance:practice.InvoiceTest@6bf08014]" started-at="2020-10-20T08:46:25Z" name="configBS1" finished-at="2020-10-20T08:46:26Z" duration-ms="624" status="PASS">
          <reporter-output>
          </reporter-output>
        </test-method> <!-- configBS1 -->
      </class> <!-- practice.InvoiceTest -->
    </test> <!-- Default test -->
  </suite> <!-- Default suite -->
</testng-results>
